0 info it worked if it ends with ok
1 verbose cli [ 'node', '/usr/local/bin/npm', '-g', 'install', 'js-beatify' ]
2 info using npm@1.4.28
3 info using node@v0.10.33
4 verbose cache add [ 'js-beatify', null ]
5 verbose cache add name=undefined spec="js-beatify" args=["js-beatify",null]
6 verbose parsed url { protocol: null,
6 verbose parsed url   slashes: null,
6 verbose parsed url   auth: null,
6 verbose parsed url   host: null,
6 verbose parsed url   port: null,
6 verbose parsed url   hostname: null,
6 verbose parsed url   hash: null,
6 verbose parsed url   search: null,
6 verbose parsed url   query: null,
6 verbose parsed url   pathname: 'js-beatify',
6 verbose parsed url   path: 'js-beatify',
6 verbose parsed url   href: 'js-beatify' }
7 silly lockFile 27e03b1a-js-beatify js-beatify
8 verbose lock js-beatify /Users/jansvacina/.npm/27e03b1a-js-beatify.lock
9 silly lockFile 27e03b1a-js-beatify js-beatify
10 silly lockFile 27e03b1a-js-beatify js-beatify
11 verbose addNamed [ 'js-beatify', '' ]
12 verbose addNamed [ null, '*' ]
13 silly lockFile 9fe4f9d2-js-beatify js-beatify@
14 verbose lock js-beatify@ /Users/jansvacina/.npm/9fe4f9d2-js-beatify.lock
15 silly addNameRange { name: 'js-beatify', range: '*', hasData: false }
16 verbose request where is /js-beatify
17 verbose request registry https://registry.npmjs.org/
18 verbose request id 746e1aefbcba08e3
19 verbose url raw /js-beatify
20 verbose url resolving [ 'https://registry.npmjs.org/', './js-beatify' ]
21 verbose url resolved https://registry.npmjs.org/js-beatify
22 verbose request where is https://registry.npmjs.org/js-beatify
23 info trying registry request attempt 1 at 11:50:58
24 http GET https://registry.npmjs.org/js-beatify
25 http 404 https://registry.npmjs.org/js-beatify
26 silly registry.get cb [ 404,
26 silly registry.get   { 'content-type': 'application/json',
26 silly registry.get     'cache-control': 'max-age=0',
26 silly registry.get     'content-length': '2',
26 silly registry.get     'accept-ranges': 'bytes',
26 silly registry.get     date: 'Sun, 12 Mar 2017 10:50:59 GMT',
26 silly registry.get     via: '1.1 varnish',
26 silly registry.get     age: '0',
26 silly registry.get     connection: 'keep-alive',
26 silly registry.get     'x-served-by': 'cache-fra1222-FRA',
26 silly registry.get     'x-cache': 'MISS',
26 silly registry.get     'x-cache-hits': '0',
26 silly registry.get     'x-timer': 'S1489315858.725970,VS0,VE802',
26 silly registry.get     vary: 'Accept-Encoding' } ]
27 silly lockFile 9fe4f9d2-js-beatify js-beatify@
28 silly lockFile 9fe4f9d2-js-beatify js-beatify@
29 error 404 Not Found
29 error 404
29 error 404 'js-beatify' is not in the npm registry.
29 error 404 You should bug the author to publish it
29 error 404
29 error 404 Note that you can also install from a
29 error 404 tarball, folder, or http url, or git url.
30 error System Darwin 16.4.0
31 error command "node" "/usr/local/bin/npm" "-g" "install" "js-beatify"
32 error cwd /Users/jansvacina/Documents/MeteorTestProjects/Kunstsammlung
33 error node -v v0.10.33
34 error npm -v 1.4.28
35 error code E404
36 verbose exit [ 1, true ]
